12/02/2015 11:37:14 - 100
12/02/2015 11:37:14 - INSERT INTO TestSettings (name, description, questions, scoreType, scoreMin, scale, bonus, negative, editable, duration, numEasy, numMedium, numHard, fkSubject)
                  	  VALUES ('New Settings', '', '30', '100', '0', '3.3', '0', '0', '0', '90', '10', '10', '10', '9')
12/02/2015 11:54:41 - qTestDetails : SELECT T.idTest, T.timeStart, T.timeEnd, T.scoreTest, T.scoreFinal, T.status, T.fkSet, T.fkExam, T.bonus AS testBonus,
                             S.idUser, S.name, S.surname, S.email, S.fkLanguage,
                             E.idExam, E.fkSubject,
                             TS.questions, TS.scoreType, TS.scoreMin, TS.scale, TS.bonus, TS.duration, TS.negative, TS.editable
                          FROM
                              Tests AS T
                              JOIN Users AS S ON T.fkUser = S.idUser
                              JOIN Exams AS E ON T.fkExam = E.idExam
                              JOIN TestSettings AS TS ON E.fkTestSetting = TS.idTestSetting
                          WHERE T.fkSet = '6'
12/02/2015 11:56:14 - qTestDetails : SELECT T.idTest, T.timeStart, T.timeEnd, T.scoreTest, T.scoreFinal, T.status, T.fkSet, T.fkExam, T.bonus AS testBonus,
                             S.idUser, S.name, S.surname, S.email, S.fkLanguage,
                             E.idExam, E.fkSubject,
                             TS.questions, TS.scoreType, TS.scoreMin, TS.scale, TS.bonus, TS.duration, TS.negative, TS.editable
                          FROM
                              Tests AS T
                              JOIN Users AS S ON T.fkUser = S.idUser
                              JOIN Exams AS E ON T.fkExam = E.idExam
                              JOIN TestSettings AS TS ON E.fkTestSetting = TS.idTestSetting
                          WHERE T.fkSet = '6'
12/02/2015 11:56:14 - qTestDetails : SELECT T.idTest, T.timeStart, T.timeEnd, T.scoreTest, T.scoreFinal, T.status, T.fkSet, T.fkExam, T.bonus AS testBonus,
                             S.idUser, S.name, S.surname, S.email, S.fkLanguage,
                             E.idExam, E.fkSubject,
                             TS.questions, TS.scoreType, TS.scoreMin, TS.scale, TS.bonus, TS.duration, TS.negative, TS.editable
                          FROM
                              Tests AS T
                              JOIN Users AS S ON T.fkUser = S.idUser
                              JOIN Exams AS E ON T.fkExam = E.idExam
                              JOIN TestSettings AS TS ON E.fkTestSetting = TS.idTestSetting
                          WHERE T.fkSet = '6'
12/02/2015 11:56:14 - qTestDetails : SELECT T.idTest, T.timeStart, T.timeEnd, T.scoreTest, T.scoreFinal, T.status, T.fkSet, T.fkExam, T.bonus AS testBonus,
                             S.idUser, S.name, S.surname, S.email, S.fkLanguage,
                             E.idExam, E.fkSubject,
                             TS.questions, TS.scoreType, TS.scoreMin, TS.scale, TS.bonus, TS.duration, TS.negative, TS.editable
                          FROM
                              Tests AS T
                              JOIN Users AS S ON T.fkUser = S.idUser
                              JOIN Exams AS E ON T.fkExam = E.idExam
                              JOIN TestSettings AS TS ON E.fkTestSetting = TS.idTestSetting
                          WHERE T.fkSet = '6'
12/02/2015 11:56:24 - qTestDetails : SELECT T.idTest, T.timeStart, T.timeEnd, T.scoreTest, T.scoreFinal, T.status, T.fkSet, T.fkExam, T.bonus AS testBonus,
                             S.idUser, S.name, S.surname, S.email, S.fkLanguage,
                             E.idExam, E.fkSubject,
                             TS.questions, TS.scoreType, TS.scoreMin, TS.scale, TS.bonus, TS.duration, TS.negative, TS.editable
                          FROM
                              Tests AS T
                              JOIN Users AS S ON T.fkUser = S.idUser
                              JOIN Exams AS E ON T.fkExam = E.idExam
                              JOIN TestSettings AS TS ON E.fkTestSetting = TS.idTestSetting
                          WHERE idTest = '15'
12/02/2015 11:56:43 - qTestDetails : SELECT T.idTest, T.timeStart, T.timeEnd, T.scoreTest, T.scoreFinal, T.status, T.fkSet, T.fkExam, T.bonus AS testBonus,
                             S.idUser, S.name, S.surname, S.email, S.fkLanguage,
                             E.idExam, E.fkSubject,
                             TS.questions, TS.scoreType, TS.scoreMin, TS.scale, TS.bonus, TS.duration, TS.negative, TS.editable
                          FROM
                              Tests AS T
                              JOIN Users AS S ON T.fkUser = S.idUser
                              JOIN Exams AS E ON T.fkExam = E.idExam
                              JOIN TestSettings AS TS ON E.fkTestSetting = TS.idTestSetting
                          WHERE T.fkSet = '15'
12/02/2015 11:56:43 - qTestDetails not passed idTest:15
12/02/2015 11:57:23 - qTestDetails : SELECT T.idTest, T.timeStart, T.timeEnd, T.scoreTest, T.scoreFinal, T.status, T.fkSet, T.fkExam, T.bonus AS testBonus,
                             S.idUser, S.name, S.surname, S.email, S.fkLanguage,
                             E.idExam, E.fkSubject,
                             TS.questions, TS.scoreType, TS.scoreMin, TS.scale, TS.bonus, TS.duration, TS.negative, TS.editable
                          FROM
                              Tests AS T
                              JOIN Users AS S ON T.fkUser = S.idUser
                              JOIN Exams AS E ON T.fkExam = E.idExam
                              JOIN TestSettings AS TS ON E.fkTestSetting = TS.idTestSetting
                          WHERE idTest = '15'
12/02/2015 11:57:30 - qTestDetails : SELECT T.idTest, T.timeStart, T.timeEnd, T.scoreTest, T.scoreFinal, T.status, T.fkSet, T.fkExam, T.bonus AS testBonus,
                             S.idUser, S.name, S.surname, S.email, S.fkLanguage,
                             E.idExam, E.fkSubject,
                             TS.questions, TS.scoreType, TS.scoreMin, TS.scale, TS.bonus, TS.duration, TS.negative, TS.editable
                          FROM
                              Tests AS T
                              JOIN Users AS S ON T.fkUser = S.idUser
                              JOIN Exams AS E ON T.fkExam = E.idExam
                              JOIN TestSettings AS TS ON E.fkTestSetting = TS.idTestSetting
                          WHERE idTest = '15'
12/02/2015 12:00:17 - qTestDetails : SELECT T.idTest, T.timeStart, T.timeEnd, T.scoreTest, T.scoreFinal, T.status, T.fkSet, T.fkExam, T.bonus AS testBonus,
                             S.idUser, S.name, S.surname, S.email, S.fkLanguage,
                             E.idExam, E.fkSubject,
                             TS.questions, TS.scoreType, TS.scoreMin, TS.scale, TS.bonus, TS.duration, TS.negative, TS.editable
                          FROM
                              Tests AS T
                              JOIN Users AS S ON T.fkUser = S.idUser
                              JOIN Exams AS E ON T.fkExam = E.idExam
                              JOIN TestSettings AS TS ON E.fkTestSetting = TS.idTestSetting
                          WHERE T.fkSet = '7'
12/02/2015 12:01:19 - qTestDetails : SELECT T.idTest, T.timeStart, T.timeEnd, T.scoreTest, T.scoreFinal, T.status, T.fkSet, T.fkExam, T.bonus AS testBonus,
                             S.idUser, S.name, S.surname, S.email, S.fkLanguage,
                             E.idExam, E.fkSubject,
                             TS.questions, TS.scoreType, TS.scoreMin, TS.scale, TS.bonus, TS.duration, TS.negative, TS.editable
                          FROM
                              Tests AS T
                              JOIN Users AS S ON T.fkUser = S.idUser
                              JOIN Exams AS E ON T.fkExam = E.idExam
                              JOIN TestSettings AS TS ON E.fkTestSetting = TS.idTestSetting
                          WHERE T.fkSet = '7'
12/02/2015 12:01:29 - qTestDetails : SELECT T.idTest, T.timeStart, T.timeEnd, T.scoreTest, T.scoreFinal, T.status, T.fkSet, T.fkExam, T.bonus AS testBonus,
                             S.idUser, S.name, S.surname, S.email, S.fkLanguage,
                             E.idExam, E.fkSubject,
                             TS.questions, TS.scoreType, TS.scoreMin, TS.scale, TS.bonus, TS.duration, TS.negative, TS.editable
                          FROM
                              Tests AS T
                              JOIN Users AS S ON T.fkUser = S.idUser
                              JOIN Exams AS E ON T.fkExam = E.idExam
                              JOIN TestSettings AS TS ON E.fkTestSetting = TS.idTestSetting
                          WHERE idTest = '16'
12/02/2015 12:01:36 - qTestDetails : SELECT T.idTest, T.timeStart, T.timeEnd, T.scoreTest, T.scoreFinal, T.status, T.fkSet, T.fkExam, T.bonus AS testBonus,
                             S.idUser, S.name, S.surname, S.email, S.fkLanguage,
                             E.idExam, E.fkSubject,
                             TS.questions, TS.scoreType, TS.scoreMin, TS.scale, TS.bonus, TS.duration, TS.negative, TS.editable
                          FROM
                              Tests AS T
                              JOIN Users AS S ON T.fkUser = S.idUser
                              JOIN Exams AS E ON T.fkExam = E.idExam
                              JOIN TestSettings AS TS ON E.fkTestSetting = TS.idTestSetting
                          WHERE idTest = '16'
